<?xml version="1.0" encoding="UTF-8"?>
<!-- Generated by org.testng.reporters.JUnitXMLReporter -->
<testsuite ignored="0" hostname="LAPTOP-7SAHV49I" failures="1" tests="2" name="Test" time="49.199" errors="0" timestamp="2024-10-16T13:27:00 GMT-05:00">
  <testcase classname="testCases.TC001_AccountRegistrationTest" name="verify_account_registration" time="16.334"/>
  <testcase classname="testCases.TC002_LoginTest" name="verify_login" time="16.867">
    <failure type="java.lang.AssertionError" message="expected [true] but found [false]">
      <![CDATA[java.lang.AssertionError: expected [true] but found [false]
at testCases.TC002_LoginTest.verify_login(TC002_LoginTest.java:32)
at java.base/java.util.ArrayList.forEach(ArrayList.java:1597)
... Removed 32 stack frames]]>
    </failure>
  </testcase> <!-- verify_login -->
</testsuite> <!-- Test -->
